build 2/app/intermediates/manifest_merge_blame_file/debug/manifest-merger-blame-debug-report.txt
1<?xml version="1.0" encoding="utf-8"?>
2<manifest xmlns:android="http://schemas.android.com/apk/res/android"
3    package="com.example.project"
4    android:versionCode="1"
5    android:versionName="1.0.0" >
6
7    <uses-sdk
8        android:minSdkVersion="16"
9        android:targetSdkVersion="33" />
10    <!--
11         The INTERNET permission is required for development. Specifically,
12         the Flutter tool needs it to communicate with the running application
13         to allow setting breakpoints, to provide hot reload, etc.
14    -->
15    <uses-permission android:name="android.permission.INTERNET" />
15-->src/main/AndroidManifest.xml:2:5-67
15-->src/main/AndroidManifest.xml:2:22-64
16    <!-- Although the *SdkVersion is captured in gradle build files, this is required for non gradle builds -->
17    <!-- <uses-sdk android:minSdkVersion="14"/> -->
18    <uses-permission android:name="android.permission.ACCESS_NETWORK_STATE" />
18-->[com.google.android.datatransport:transport-backend-cct:3.1.9] AndroidManifest.xml:24:5-79
18-->[com.google.android.datatransport:transport-backend-cct:3.1.9] AndroidManifest.xml:24:22-76
19
20    <application
21        android:name="android.app.Application"
22        android:appComponentFactory="androidx.core.app.CoreComponentFactory"
22-->[androidx.core:core:1.6.0] AndroidManifest.xml:24:18-86
23        android:debuggable="true"
24        android:icon="@mipmap/launcher_icon"
25        android:label="project" >
26        <activity
27            android:name="com.example.project.MainActivity"
28            android:configChanges="orientation|keyboardHidden|keyboard|screenSize|smallestScreenSize|locale|layoutDirection|fontScale|screenLayout|density|uiMode"
29            android:exported="true"
30            android:hardwareAccelerated="true"
31            android:launchMode="singleTop"
32            android:theme="@style/LaunchTheme"
33            android:windowSoftInputMode="adjustResize" >
34
35            <!--
36                 Specifies an Android theme to apply to this Activity as soon as
37                 the Android process has started. This theme is visible to the user
38                 while the Flutter UI initializes. After that, this theme continues
39                 to determine the Window background behind the Flutter UI.
40            -->
41            <meta-data
42                android:name="io.flutter.embedding.android.NormalTheme"
43                android:resource="@style/NormalTheme" />
44
45            <intent-filter>
46                <action android:name="android.intent.action.MAIN" />
47
48                <category android:name="android.intent.category.LAUNCHER" />
49            </intent-filter>
50        </activity>
51        <!--
52             Don't delete the meta-data below.
53             This is used by the Flutter tool to generate GeneratedPluginRegistrant.java
54        -->
55        <meta-data
56            android:name="flutterEmbedding"
57            android:value="2" />
58
59        <service
59-->[:firebase_crashlytics] AndroidManifest.xml:10:9-14:19
60            android:name="com.google.firebase.components.ComponentDiscoveryService"
60-->[:firebase_crashlytics] AndroidManifest.xml:10:18-89
61            android:directBootAware="true"
61-->[com.google.firebase:firebase-common:20.3.3] AndroidManifest.xml:34:13-43
62            android:exported="false" >
62-->[com.google.firebase:firebase-crashlytics:18.4.0] AndroidManifest.xml:16:13-37
63            <meta-data
63-->[:firebase_crashlytics] AndroidManifest.xml:11:13-13:85
64                android:name="com.google.firebase.components:io.flutter.plugins.firebase.crashlytics.FlutterFirebaseAppRegistrar"
64-->[:firebase_crashlytics] AndroidManifest.xml:12:17-130
65                android:value="com.google.firebase.components.ComponentRegistrar" />
65-->[:firebase_crashlytics] AndroidManifest.xml:13:17-82
66            <meta-data
66-->[:firebase_core] AndroidManifest.xml:11:13-13:85
67                android:name="com.google.firebase.components:io.flutter.plugins.firebase.core.FlutterFirebaseCoreRegistrar"
67-->[:firebase_core] AndroidManifest.xml:12:17-124
68                android:value="com.google.firebase.components.ComponentRegistrar" />
68-->[:firebase_core] AndroidManifest.xml:13:17-82
69            <meta-data
69-->[com.google.firebase:firebase-crashlytics:18.4.0] AndroidManifest.xml:17:13-19:85
70                android:name="com.google.firebase.components:com.google.firebase.crashlytics.CrashlyticsRegistrar"
70-->[com.google.firebase:firebase-crashlytics:18.4.0] AndroidManifest.xml:18:17-115
71                android:value="com.google.firebase.components.ComponentRegistrar" />
71-->[com.google.firebase:firebase-crashlytics:18.4.0] AndroidManifest.xml:19:17-82
72            <meta-data
72-->[com.google.firebase:firebase-sessions:1.0.0] AndroidManifest.xml:27:13-29:85
73                android:name="com.google.firebase.components:com.google.firebase.sessions.FirebaseSessionsRegistrar"
73-->[com.google.firebase:firebase-sessions:1.0.0] AndroidManifest.xml:28:17-117
74                android:value="com.google.firebase.components.ComponentRegistrar" />
74-->[com.google.firebase:firebase-sessions:1.0.0] AndroidManifest.xml:29:17-82
75            <meta-data
75-->[com.google.firebase:firebase-datatransport:18.1.8] AndroidManifest.xml:27:13-29:85
76                android:name="com.google.firebase.components:com.google.firebase.datatransport.TransportRegistrar"
76-->[com.google.firebase:firebase-datatransport:18.1.8] AndroidManifest.xml:28:17-115
77                android:value="com.google.firebase.components.ComponentRegistrar" />
77-->[com.google.firebase:firebase-datatransport:18.1.8] AndroidManifest.xml:29:17-82
78            <meta-data
78-->[com.google.firebase:firebase-common-ktx:20.3.3] AndroidManifest.xml:14:13-16:85
79                android:name="com.google.firebase.components:com.google.firebase.ktx.FirebaseCommonKtxRegistrar"
79-->[com.google.firebase:firebase-common-ktx:20.3.3] AndroidManifest.xml:15:17-113
80                android:value="com.google.firebase.components.ComponentRegistrar" />
80-->[com.google.firebase:firebase-common-ktx:20.3.3] AndroidManifest.xml:16:17-82
81            <meta-data
81-->[com.google.firebase:firebase-installations:17.1.3] AndroidManifest.xml:17:13-19:85
82                android:name="com.google.firebase.components:com.google.firebase.installations.FirebaseInstallationsRegistrar"
82-->[com.google.firebase:firebase-installations:17.1.3] AndroidManifest.xml:18:17-127
83                android:value="com.google.firebase.components.ComponentRegistrar" />
83-->[com.google.firebase:firebase-installations:17.1.3] AndroidManifest.xml:19:17-82
84        </service>
85        <service
85-->[com.google.android.datatransport:transport-backend-cct:3.1.9] AndroidManifest.xml:28:9-34:19
86            android:name="com.google.android.datatransport.runtime.backends.TransportBackendDiscovery"
86-->[com.google.android.datatransport:transport-backend-cct:3.1.9] AndroidManifest.xml:29:13-103
87            android:exported="false" >
87-->[com.google.android.datatransport:transport-backend-cct:3.1.9] AndroidManifest.xml:30:13-37
88            <meta-data
88-->[com.google.android.datatransport:transport-backend-cct:3.1.9] AndroidManifest.xml:31:13-33:39
89                android:name="backend:com.google.android.datatransport.cct.CctBackendFactory"
89-->[com.google.android.datatransport:transport-backend-cct:3.1.9] AndroidManifest.xml:32:17-94
90                android:value="cct" />
90-->[com.google.android.datatransport:transport-backend-cct:3.1.9] AndroidManifest.xml:33:17-36
91        </service>
92
93        <uses-library
93-->[androidx.window:window:1.0.0-beta04] AndroidManifest.xml:25:9-27:40
94            android:name="androidx.window.extensions"
94-->[androidx.window:window:1.0.0-beta04] AndroidManifest.xml:26:13-54
95            android:required="false" />
95-->[androidx.window:window:1.0.0-beta04] AndroidManifest.xml:27:13-37
96        <uses-library
96-->[androidx.window:window:1.0.0-beta04] AndroidManifest.xml:28:9-30:40
97            android:name="androidx.window.sidecar"
97-->[androidx.window:window:1.0.0-beta04] AndroidManifest.xml:29:13-51
98            android:required="false" />
98-->[androidx.window:window:1.0.0-beta04] AndroidManifest.xml:30:13-37
99
100        <provider
100-->[com.google.firebase:firebase-common:20.3.3] AndroidManifest.xml:25:9-30:39
101            android:name="com.google.firebase.provider.FirebaseInitProvider"
101-->[com.google.firebase:firebase-common:20.3.3] AndroidManifest.xml:26:13-77
102            android:authorities="com.example.project.firebaseinitprovider"
102-->[com.google.firebase:firebase-common:20.3.3] AndroidManifest.xml:27:13-72
103            android:directBootAware="true"
103-->[com.google.firebase:firebase-common:20.3.3] AndroidManifest.xml:28:13-43
104            android:exported="false"
104-->[com.google.firebase:firebase-common:20.3.3] AndroidManifest.xml:29:13-37
105            android:initOrder="100" />
105-->[com.google.firebase:firebase-common:20.3.3] AndroidManifest.xml:30:13-36
106
107        <meta-data
107-->[com.google.android.gms:play-services-basement:18.1.0] AndroidManifest.xml:21:9-23:69
108            android:name="com.google.android.gms.version"
108-->[com.google.android.gms:play-services-basement:18.1.0] AndroidManifest.xml:22:13-58
109            android:value="@integer/google_play_services_version" />
109-->[com.google.android.gms:play-services-basement:18.1.0] AndroidManifest.xml:23:13-66
110
111        <service
111-->[com.google.android.datatransport:transport-runtime:3.1.9] AndroidManifest.xml:26:9-30:19
112            android:name="com.google.android.datatransport.runtime.scheduling.jobscheduling.JobInfoSchedulerService"
112-->[com.google.android.datatransport:transport-runtime:3.1.9] AndroidManifest.xml:27:13-117
113            android:exported="false"
113-->[com.google.android.datatransport:transport-runtime:3.1.9] AndroidManifest.xml:28:13-37
114            android:permission="android.permission.BIND_JOB_SERVICE" >
114-->[com.google.android.datatransport:transport-runtime:3.1.9] AndroidManifest.xml:29:13-69
115        </service>
116
117        <receiver
117-->[com.google.android.datatransport:transport-runtime:3.1.9] AndroidManifest.xml:32:9-34:40
118            android:name="com.google.android.datatransport.runtime.scheduling.jobscheduling.AlarmManagerSchedulerBroadcastReceiver"
118-->[com.google.android.datatransport:transport-runtime:3.1.9] AndroidManifest.xml:33:13-132
119            android:exported="false" />
119-->[com.google.android.datatransport:transport-runtime:3.1.9] AndroidManifest.xml:34:13-37
120    </application>
121
122</manifest>